Analysis & Synthesis report for ProjetoFinal
Thu Sep 01 18:45:33 2022
Quartus II 64-Bit Version 13.0.1 Build 232 06/12/2013 Service Pack 1 SJ Web Edition


---------------------
; Table of Contents ;
---------------------
  1. Legal Notice
  2. Analysis & Synthesis Summary
  3. Analysis & Synthesis Settings
  4. Parallel Compilation
  5. Analysis & Synthesis Source Files Read
  6. Analysis & Synthesis Resource Usage Summary
  7. Analysis & Synthesis Resource Utilization by Entity
  8. User-Specified and Inferred Latches
  9. Registers Removed During Synthesis
 10. Removed Registers Triggering Further Register Optimizations
 11. General Register Statistics
 12. Port Connectivity Checks: "ula:U8"
 13. Port Connectivity Checks: "controle:U3"
 14. Port Connectivity Checks: "fdiv:U0"
 15. Elapsed Time Per Partition
 16. Analysis & Synthesis Messages



----------------
; Legal Notice ;
----------------
Copyright (C) 1991-2013 Altera Corporation
Your use of Altera Corporation's design tools, logic functions 
and other software and tools, and its AMPP partner logic 
functions, and any output files from any of the foregoing 
(including device programming or simulation files), and any 
associated documentation or information are expressly subject 
to the terms and conditions of the Altera Program License 
Subscription Agreement, Altera MegaCore Function License 
Agreement, or other applicable license agreement, including, 
without limitation, that your use is for the sole purpose of 
programming logic devices manufactured by Altera and sold by 
Altera or its authorized distributors.  Please refer to the 
applicable agreement for further details.



+--------------------------------------------------------------------------------------+
; Analysis & Synthesis Summary                                                         ;
+------------------------------------+-------------------------------------------------+
; Analysis & Synthesis Status        ; Successful - Thu Sep 01 18:45:33 2022           ;
; Quartus II 64-Bit Version          ; 13.0.1 Build 232 06/12/2013 SP 1 SJ Web Edition ;
; Revision Name                      ; ProjetoFinal                                    ;
; Top-level Entity Name              ; main                                            ;
; Family                             ; Cyclone II                                      ;
; Total logic elements               ; 107                                             ;
;     Total combinational functions  ; 107                                             ;
;     Dedicated logic registers      ; 16                                              ;
; Total registers                    ; 16                                              ;
; Total pins                         ; 62                                              ;
; Total virtual pins                 ; 0                                               ;
; Total memory bits                  ; 0                                               ;
; Embedded Multiplier 9-bit elements ; 0                                               ;
; Total PLLs                         ; 0                                               ;
+------------------------------------+-------------------------------------------------+


+----------------------------------------------------------------------------------------------------------------------+
; Analysis & Synthesis Settings                                                                                        ;
+----------------------------------------------------------------------------+--------------------+--------------------+
; Option                                                                     ; Setting            ; Default Value      ;
+----------------------------------------------------------------------------+--------------------+--------------------+
; Device                                                                     ; EP2C35F672C6       ;                    ;
; Top-level entity name                                                      ; main               ; ProjetoFinal       ;
; Family name                                                                ; Cyclone II         ; Cyclone IV GX      ;
; Verilog Show LMF Mapping Messages                                          ; Off                ;                    ;
; Verilog Version                                                            ; SystemVerilog_2005 ; Verilog_2001       ;
; Use smart compilation                                                      ; Off                ; Off                ;
; Enable parallel Assembler and TimeQuest Timing Analyzer during compilation ; On                 ; On                 ;
; Enable compact report table                                                ; Off                ; Off                ;
; Restructure Multiplexers                                                   ; Auto               ; Auto               ;
; Create Debugging Nodes for IP Cores                                        ; Off                ; Off                ;
; Preserve fewer node names                                                  ; On                 ; On                 ;
; Disable OpenCore Plus hardware evaluation                                  ; Off                ; Off                ;
; VHDL Version                                                               ; VHDL_1993          ; VHDL_1993          ;
; State Machine Processing                                                   ; Auto               ; Auto               ;
; Safe State Machine                                                         ; Off                ; Off                ;
; Extract Verilog State Machines                                             ; On                 ; On                 ;
; Extract VHDL State Machines                                                ; On                 ; On                 ;
; Ignore Verilog initial constructs                                          ; Off                ; Off                ;
; Iteration limit for constant Verilog loops                                 ; 5000               ; 5000               ;
; Iteration limit for non-constant Verilog loops                             ; 250                ; 250                ;
; Add Pass-Through Logic to Inferred RAMs                                    ; On                 ; On                 ;
; Infer RAMs from Raw Logic                                                  ; On                 ; On                 ;
; Parallel Synthesis                                                         ; On                 ; On                 ;
; DSP Block Balancing                                                        ; Auto               ; Auto               ;
; NOT Gate Push-Back                                                         ; On                 ; On                 ;
; Power-Up Don't Care                                                        ; On                 ; On                 ;
; Remove Redundant Logic Cells                                               ; Off                ; Off                ;
; Remove Duplicate Registers                                                 ; On                 ; On                 ;
; Ignore CARRY Buffers                                                       ; Off                ; Off                ;
; Ignore CASCADE Buffers                                                     ; Off                ; Off                ;
; Ignore GLOBAL Buffers                                                      ; Off                ; Off                ;
; Ignore ROW GLOBAL Buffers                                                  ; Off                ; Off                ;
; Ignore LCELL Buffers                                                       ; Off                ; Off                ;
; Ignore SOFT Buffers                                                        ; On                 ; On                 ;
; Limit AHDL Integers to 32 Bits                                             ; Off                ; Off                ;
; Optimization Technique                                                     ; Balanced           ; Balanced           ;
; Carry Chain Length                                                         ; 70                 ; 70                 ;
; Auto Carry Chains                                                          ; On                 ; On                 ;
; Auto Open-Drain Pins                                                       ; On                 ; On                 ;
; Perform WYSIWYG Primitive Resynthesis                                      ; Off                ; Off                ;
; Auto ROM Replacement                                                       ; On                 ; On                 ;
; Auto RAM Replacement                                                       ; On                 ; On                 ;
; Auto Shift Register Replacement                                            ; Auto               ; Auto               ;
; Allow Shift Register Merging across Hierarchies                            ; Auto               ; Auto               ;
; Auto Clock Enable Replacement                                              ; On                 ; On                 ;
; Strict RAM Replacement                                                     ; Off                ; Off                ;
; Allow Synchronous Control Signals                                          ; On                 ; On                 ;
; Force Use of Synchronous Clear Signals                                     ; Off                ; Off                ;
; Auto RAM to Logic Cell Conversion                                          ; Off                ; Off                ;
; Auto Resource Sharing                                                      ; Off                ; Off                ;
; Allow Any RAM Size For Recognition                                         ; Off                ; Off                ;
; Allow Any ROM Size For Recognition                                         ; Off                ; Off                ;
; Allow Any Shift Register Size For Recognition                              ; Off                ; Off                ;
; Use LogicLock Constraints during Resource Balancing                        ; On                 ; On                 ;
; Ignore translate_off and synthesis_off directives                          ; Off                ; Off                ;
; Timing-Driven Synthesis                                                    ; Off                ; Off                ;
; Report Parameter Settings                                                  ; On                 ; On                 ;
; Report Source Assignments                                                  ; On                 ; On                 ;
; Report Connectivity Checks                                                 ; On                 ; On                 ;
; Ignore Maximum Fan-Out Assignments                                         ; Off                ; Off                ;
; Synchronization Register Chain Length                                      ; 2                  ; 2                  ;
; PowerPlay Power Optimization                                               ; Normal compilation ; Normal compilation ;
; HDL message level                                                          ; Level2             ; Level2             ;
; Suppress Register Optimization Related Messages                            ; Off                ; Off                ;
; Number of Removed Registers Reported in Synthesis Report                   ; 5000               ; 5000               ;
; Number of Swept Nodes Reported in Synthesis Report                         ; 5000               ; 5000               ;
; Number of Inverted Registers Reported in Synthesis Report                  ; 100                ; 100                ;
; Clock MUX Protection                                                       ; On                 ; On                 ;
; Auto Gated Clock Conversion                                                ; Off                ; Off                ;
; Block Design Naming                                                        ; Auto               ; Auto               ;
; SDC constraint protection                                                  ; Off                ; Off                ;
; Synthesis Effort                                                           ; Auto               ; Auto               ;
; Shift Register Replacement - Allow Asynchronous Clear Signal               ; On                 ; On                 ;
; Pre-Mapping Resynthesis Optimization                                       ; Off                ; Off                ;
; Analysis & Synthesis Message Level                                         ; Medium             ; Medium             ;
; Disable Register Merging Across Hierarchies                                ; Auto               ; Auto               ;
; Resource Aware Inference For Block RAM                                     ; On                 ; On                 ;
; Synthesis Seed                                                             ; 1                  ; 1                  ;
+----------------------------------------------------------------------------+--------------------+--------------------+


Parallel compilation was disabled, but you have multiple processors available. Enable parallel compilation to reduce compilation time.
+-------------------------------------+
; Parallel Compilation                ;
+----------------------------+--------+
; Processors                 ; Number ;
+----------------------------+--------+
; Number detected on machine ; 4      ;
; Maximum allowed            ; 1      ;
+----------------------------+--------+


+-------------------------------------------------------------------------------------------------------------------------------------------------------------+
; Analysis & Synthesis Source Files Read                                                                                                                      ;
+----------------------------------+-----------------+------------------------+---------------------------------------------------------------------+---------+
; File Name with User-Entered Path ; Used in Netlist ; File Type              ; File Name with Absolute Path                                        ; Library ;
+----------------------------------+-----------------+------------------------+---------------------------------------------------------------------+---------+
; comparador.v                     ; yes             ; User Verilog HDL File  ; C:/Users/Pichau/Desktop/UNB/LCL/Projetos/ProjetoFinal/comparador.v  ;         ;
; ula.v                            ; yes             ; User Verilog HDL File  ; C:/Users/Pichau/Desktop/UNB/LCL/Projetos/ProjetoFinal/ula.v         ;         ;
; rom.v                            ; yes             ; User Verilog HDL File  ; C:/Users/Pichau/Desktop/UNB/LCL/Projetos/ProjetoFinal/rom.v         ;         ;
; fdiv.v                           ; yes             ; User Verilog HDL File  ; C:/Users/Pichau/Desktop/UNB/LCL/Projetos/ProjetoFinal/fdiv.v        ;         ;
; pc.v                             ; yes             ; User Verilog HDL File  ; C:/Users/Pichau/Desktop/UNB/LCL/Projetos/ProjetoFinal/pc.v          ;         ;
; registrador.v                    ; yes             ; User Verilog HDL File  ; C:/Users/Pichau/Desktop/UNB/LCL/Projetos/ProjetoFinal/registrador.v ;         ;
; controle.v                       ; yes             ; User Verilog HDL File  ; C:/Users/Pichau/Desktop/UNB/LCL/Projetos/ProjetoFinal/controle.v    ;         ;
; decoder7.v                       ; yes             ; User Verilog HDL File  ; C:/Users/Pichau/Desktop/UNB/LCL/Projetos/ProjetoFinal/decoder7.v    ;         ;
; main.v                           ; yes             ; User Verilog HDL File  ; C:/Users/Pichau/Desktop/UNB/LCL/Projetos/ProjetoFinal/main.v        ;         ;
+----------------------------------+-----------------+------------------------+---------------------------------------------------------------------+---------+


+------------------------------------------------------+
; Analysis & Synthesis Resource Usage Summary          ;
+---------------------------------------------+--------+
; Resource                                    ; Usage  ;
+---------------------------------------------+--------+
; Estimated Total logic elements              ; 107    ;
;                                             ;        ;
; Total combinational functions               ; 107    ;
; Logic element usage by number of LUT inputs ;        ;
;     -- 4 input functions                    ; 38     ;
;     -- 3 input functions                    ; 33     ;
;     -- <=2 input functions                  ; 36     ;
;                                             ;        ;
; Logic elements by mode                      ;        ;
;     -- normal mode                          ; 107    ;
;     -- arithmetic mode                      ; 0      ;
;                                             ;        ;
; Total registers                             ; 16     ;
;     -- Dedicated logic registers            ; 16     ;
;     -- I/O registers                        ; 0      ;
;                                             ;        ;
; I/O pins                                    ; 62     ;
; Embedded Multiplier 9-bit elements          ; 0      ;
; Maximum fan-out node                        ; KEY[1] ;
; Maximum fan-out                             ; 29     ;
; Total fan-out                               ; 398    ;
; Average fan-out                             ; 2.15   ;
+---------------------------------------------+--------+


+-----------------------------------------------------------------------------------------------------------------------------------------------------------------------------+
; Analysis & Synthesis Resource Utilization by Entity                                                                                                                         ;
+----------------------------+-------------------+--------------+-------------+--------------+---------+-----------+------+--------------+---------------------+--------------+
; Compilation Hierarchy Node ; LC Combinationals ; LC Registers ; Memory Bits ; DSP Elements ; DSP 9x9 ; DSP 18x18 ; Pins ; Virtual Pins ; Full Hierarchy Name ; Library Name ;
+----------------------------+-------------------+--------------+-------------+--------------+---------+-----------+------+--------------+---------------------+--------------+
; |main                      ; 107 (58)          ; 16 (0)       ; 0           ; 0            ; 0       ; 0         ; 62   ; 0            ; |main               ; work         ;
;    |decoder7:D0|           ; 7 (7)             ; 0 (0)        ; 0           ; 0            ; 0       ; 0         ; 0    ; 0            ; |main|decoder7:D0   ; work         ;
;    |decoder7:D1|           ; 7 (7)             ; 0 (0)        ; 0           ; 0            ; 0       ; 0         ; 0    ; 0            ; |main|decoder7:D1   ; work         ;
;    |decoder7:D2|           ; 7 (7)             ; 0 (0)        ; 0           ; 0            ; 0       ; 0         ; 0    ; 0            ; |main|decoder7:D2   ; work         ;
;    |decoder7:D3|           ; 7 (7)             ; 0 (0)        ; 0           ; 0            ; 0       ; 0         ; 0    ; 0            ; |main|decoder7:D3   ; work         ;
;    |pc:U1|                 ; 1 (1)             ; 16 (16)      ; 0           ; 0            ; 0       ; 0         ; 0    ; 0            ; |main|pc:U1         ; work         ;
;    |ula:U8|                ; 20 (20)           ; 0 (0)        ; 0           ; 0            ; 0       ; 0         ; 0    ; 0            ; |main|ula:U8        ; work         ;
+----------------------------+-------------------+--------------+-------------+--------------+---------+-----------+------+--------------+---------------------+--------------+
Note: For table entries with two numbers listed, the numbers in parentheses indicate the number of resources of the given type used by the specific entity alone. The numbers listed outside of parentheses indicate the total resources of the given type used by the specific entity and all of its sub-entities in the hierarchy.


+----------------------------------------------------------------------------------------------------+
; User-Specified and Inferred Latches                                                                ;
+-----------------------------------------------------+---------------------+------------------------+
; Latch Name                                          ; Latch Enable Signal ; Free of Timing Hazards ;
+-----------------------------------------------------+---------------------+------------------------+
; HEX0[0]$latch                                       ; HEX0[6]             ; yes                    ;
; HEX0[1]$latch                                       ; HEX0[6]             ; yes                    ;
; HEX0[2]$latch                                       ; HEX0[6]             ; yes                    ;
; HEX0[3]$latch                                       ; HEX0[6]             ; yes                    ;
; HEX0[4]$latch                                       ; HEX0[6]             ; yes                    ;
; HEX0[5]$latch                                       ; HEX0[6]             ; yes                    ;
; HEX0[6]$latch                                       ; HEX0[6]             ; yes                    ;
; HEX1[0]$latch                                       ; HEX0[6]             ; yes                    ;
; HEX1[1]$latch                                       ; HEX0[6]             ; yes                    ;
; HEX1[2]$latch                                       ; HEX0[6]             ; yes                    ;
; HEX1[3]$latch                                       ; HEX0[6]             ; yes                    ;
; HEX1[4]$latch                                       ; HEX0[6]             ; yes                    ;
; HEX1[5]$latch                                       ; HEX0[6]             ; yes                    ;
; HEX1[6]$latch                                       ; HEX0[6]             ; yes                    ;
; HEX2[0]$latch                                       ; HEX0[6]             ; yes                    ;
; HEX2[1]$latch                                       ; HEX0[6]             ; yes                    ;
; HEX2[2]$latch                                       ; HEX0[6]             ; yes                    ;
; HEX2[3]$latch                                       ; HEX0[6]             ; yes                    ;
; HEX2[4]$latch                                       ; HEX0[6]             ; yes                    ;
; HEX2[5]$latch                                       ; HEX0[6]             ; yes                    ;
; HEX2[6]$latch                                       ; HEX0[6]             ; yes                    ;
; HEX3[0]$latch                                       ; HEX0[6]             ; yes                    ;
; HEX3[1]$latch                                       ; HEX0[6]             ; yes                    ;
; HEX3[2]$latch                                       ; HEX0[6]             ; yes                    ;
; HEX3[3]$latch                                       ; HEX0[6]             ; yes                    ;
; HEX3[4]$latch                                       ; HEX0[6]             ; yes                    ;
; HEX3[5]$latch                                       ; HEX0[6]             ; yes                    ;
; HEX3[6]$latch                                       ; HEX0[6]             ; yes                    ;
; Number of user-specified and inferred latches = 28  ;                     ;                        ;
+-----------------------------------------------------+---------------------+------------------------+
Note: All latches listed above may not be present at the end of synthesis due to various synthesis optimizations.


+----------------------------------------------------------------------------------+
; Registers Removed During Synthesis                                               ;
+-----------------------------------------+----------------------------------------+
; Register name                           ; Reason for Removal                     ;
+-----------------------------------------+----------------------------------------+
; fdiv:U0|cont[0..7]                      ; Stuck at GND due to stuck port clock   ;
; fdiv:U0|clkout                          ; Stuck at GND due to stuck port clock   ;
; fdiv:U0|cont[8..31]                     ; Stuck at GND due to stuck port clock   ;
; registrador:U4|R15[0..15]               ; Lost fanout                            ;
; registrador:U4|R14[0..15]               ; Lost fanout                            ;
; registrador:U4|R13[0..15]               ; Lost fanout                            ;
; registrador:U4|R12[0..15]               ; Lost fanout                            ;
; registrador:U4|R11[0..15]               ; Lost fanout                            ;
; registrador:U4|R10[0..15]               ; Lost fanout                            ;
; registrador:U4|R9[0..15]                ; Lost fanout                            ;
; registrador:U4|R8[0..15]                ; Lost fanout                            ;
; registrador:U4|R7[0..15]                ; Lost fanout                            ;
; registrador:U4|R6[0..15]                ; Lost fanout                            ;
; registrador:U4|R5[0..15]                ; Lost fanout                            ;
; registrador:U4|R4[0..15]                ; Lost fanout                            ;
; registrador:U4|R3[0..15]                ; Lost fanout                            ;
; registrador:U4|R2[0..15]                ; Lost fanout                            ;
; registrador:U4|R1[0..15]                ; Lost fanout                            ;
; registrador:U4|B[0..15]                 ; Stuck at GND due to stuck port data_in ;
; registrador:U4|A[0..15]                 ; Stuck at GND due to stuck port data_in ;
; Total Number of Removed Registers = 305 ;                                        ;
+-----------------------------------------+----------------------------------------+


+------------------------------------------------------------------------------------------------------------------------------------+
; Removed Registers Triggering Further Register Optimizations                                                                        ;
+----------------+-------------------------+-----------------------------------------------------------------------------------------+
; Register name  ; Reason for Removal      ; Registers Removed due to This Register                                                  ;
+----------------+-------------------------+-----------------------------------------------------------------------------------------+
; fdiv:U0|clkout ; Stuck at GND            ; registrador:U4|B[9], registrador:U4|B[8], registrador:U4|B[7], registrador:U4|B[6],     ;
;                ; due to stuck port clock ; registrador:U4|B[5], registrador:U4|B[4], registrador:U4|B[3], registrador:U4|B[2],     ;
;                ;                         ; registrador:U4|B[1], registrador:U4|B[0], registrador:U4|B[10], registrador:U4|B[11],   ;
;                ;                         ; registrador:U4|B[12], registrador:U4|B[13], registrador:U4|B[14], registrador:U4|B[15], ;
;                ;                         ; registrador:U4|A[0], registrador:U4|A[1], registrador:U4|A[2], registrador:U4|A[3],     ;
;                ;                         ; registrador:U4|A[4], registrador:U4|A[5], registrador:U4|A[6], registrador:U4|A[7],     ;
;                ;                         ; registrador:U4|A[8], registrador:U4|A[9], registrador:U4|A[10], registrador:U4|A[11],   ;
;                ;                         ; registrador:U4|A[12], registrador:U4|A[13], registrador:U4|A[14], registrador:U4|A[15]  ;
+----------------+-------------------------+-----------------------------------------------------------------------------------------+


+------------------------------------------------------+
; General Register Statistics                          ;
+----------------------------------------------+-------+
; Statistic                                    ; Value ;
+----------------------------------------------+-------+
; Total registers                              ; 16    ;
; Number of registers using Synchronous Clear  ; 15    ;
; Number of registers using Synchronous Load   ; 0     ;
; Number of registers using Asynchronous Clear ; 0     ;
; Number of registers using Asynchronous Load  ; 0     ;
; Number of registers using Clock Enable       ; 0     ;
; Number of registers using Preset             ; 0     ;
+----------------------------------------------+-------+


+----------------------------------------+
; Port Connectivity Checks: "ula:U8"     ;
+------+-------+----------+--------------+
; Port ; Type  ; Severity ; Details      ;
+------+-------+----------+--------------+
; Op   ; Input ; Info     ; Stuck at GND ;
+------+-------+----------+--------------+


+----------------------------------------------------------------------------------------------------------------+
; Port Connectivity Checks: "controle:U3"                                                                        ;
+------+--------+----------+-------------------------------------------------------------------------------------+
; Port ; Type   ; Severity ; Details                                                                             ;
+------+--------+----------+-------------------------------------------------------------------------------------+
; jalr ; Output ; Info     ; Connected to dangling logic. Logic that only feeds a dangling port will be removed. ;
+------+--------+----------+-------------------------------------------------------------------------------------+


+-------------------------------------------------------------------------------------------------------------------------------------------------------------------------+
; Port Connectivity Checks: "fdiv:U0"                                                                                                                                     ;
+-------+-------+----------+----------------------------------------------------------------------------------------------------------------------------------------------+
; Port  ; Type  ; Severity ; Details                                                                                                                                      ;
+-------+-------+----------+----------------------------------------------------------------------------------------------------------------------------------------------+
; clkin ; Input ; Warning  ; Declared by entity but not connected by instance. If a default value exists, it will be used.  Otherwise, the port will be connected to GND. ;
+-------+-------+----------+----------------------------------------------------------------------------------------------------------------------------------------------+


+-------------------------------+
; Elapsed Time Per Partition    ;
+----------------+--------------+
; Partition Name ; Elapsed Time ;
+----------------+--------------+
; Top            ; 00:00:00     ;
+----------------+--------------+


+-------------------------------+
; Analysis & Synthesis Messages ;
+-------------------------------+
Info: *******************************************************************
Info: Running Quartus II 64-Bit Analysis & Synthesis
    Info: Version 13.0.1 Build 232 06/12/2013 Service Pack 1 SJ Web Edition
    Info: Processing started: Thu Sep 01 18:45:31 2022
Info: Command: quartus_map --read_settings_files=on --write_settings_files=off ProjetoFinal -c ProjetoFinal
Warning (20028): Parallel compilation is not licensed and has been disabled
Info (12021): Found 1 design units, including 1 entities, in source file mux4.v
    Info (12023): Found entity 1: mux4
Info (12021): Found 1 design units, including 1 entities, in source file comparador.v
    Info (12023): Found entity 1: comparador
Info (12021): Found 1 design units, including 1 entities, in source file ula.v
    Info (12023): Found entity 1: ula
Info (12021): Found 1 design units, including 1 entities, in source file teste.v
    Info (12023): Found entity 1: teste
Info (12021): Found 1 design units, including 1 entities, in source file rom.v
    Info (12023): Found entity 1: rom
Info (12021): Found 1 design units, including 1 entities, in source file fdiv.v
    Info (12023): Found entity 1: fdiv
Info (12021): Found 1 design units, including 1 entities, in source file pc.v
    Info (12023): Found entity 1: pc
Info (12021): Found 1 design units, including 1 entities, in source file registrador.v
    Info (12023): Found entity 1: registrador
Info (12021): Found 1 design units, including 1 entities, in source file controle.v
    Info (12023): Found entity 1: controle
Info (12021): Found 1 design units, including 1 entities, in source file decoder7.v
    Info (12023): Found entity 1: decoder7
Info (12021): Found 1 design units, including 1 entities, in source file main.v
    Info (12023): Found entity 1: main
Info (12127): Elaborating entity "main" for the top level hierarchy
Warning (10240): Verilog HDL Always Construct warning at main.v(19): inferring latch(es) for variable "clk", which holds its previous value in one or more paths through the always construct
Warning (10240): Verilog HDL Always Construct warning at main.v(71): inferring latch(es) for variable "D", which holds its previous value in one or more paths through the always construct
Warning (10240): Verilog HDL Always Construct warning at main.v(71): inferring latch(es) for variable "Sadd", which holds its previous value in one or more paths through the always construct
Warning (10240): Verilog HDL Always Construct warning at main.v(152): inferring latch(es) for variable "HEX0", which holds its previous value in one or more paths through the always construct
Warning (10240): Verilog HDL Always Construct warning at main.v(152): inferring latch(es) for variable "HEX1", which holds its previous value in one or more paths through the always construct
Warning (10240): Verilog HDL Always Construct warning at main.v(152): inferring latch(es) for variable "HEX2", which holds its previous value in one or more paths through the always construct
Warning (10240): Verilog HDL Always Construct warning at main.v(152): inferring latch(es) for variable "HEX3", which holds its previous value in one or more paths through the always construct
Warning (10240): Verilog HDL Always Construct warning at main.v(152): inferring latch(es) for variable "HEX4", which holds its previous value in one or more paths through the always construct
Warning (10240): Verilog HDL Always Construct warning at main.v(152): inferring latch(es) for variable "HEX5", which holds its previous value in one or more paths through the always construct
Warning (10240): Verilog HDL Always Construct warning at main.v(152): inferring latch(es) for variable "HEX6", which holds its previous value in one or more paths through the always construct
Warning (10240): Verilog HDL Always Construct warning at main.v(152): inferring latch(es) for variable "HEX7", which holds its previous value in one or more paths through the always construct
Info (10041): Inferred latch for "HEX7[0]" at main.v(185)
Info (10041): Inferred latch for "HEX7[1]" at main.v(185)
Info (10041): Inferred latch for "HEX7[2]" at main.v(185)
Info (10041): Inferred latch for "HEX7[3]" at main.v(185)
Info (10041): Inferred latch for "HEX7[4]" at main.v(185)
Info (10041): Inferred latch for "HEX7[5]" at main.v(185)
Info (10041): Inferred latch for "HEX7[6]" at main.v(185)
Info (10041): Inferred latch for "HEX6[0]" at main.v(185)
Info (10041): Inferred latch for "HEX6[1]" at main.v(185)
Info (10041): Inferred latch for "HEX6[2]" at main.v(185)
Info (10041): Inferred latch for "HEX6[3]" at main.v(185)
Info (10041): Inferred latch for "HEX6[4]" at main.v(185)
Info (10041): Inferred latch for "HEX6[5]" at main.v(185)
Info (10041): Inferred latch for "HEX6[6]" at main.v(185)
Info (10041): Inferred latch for "HEX5[0]" at main.v(185)
Info (10041): Inferred latch for "HEX5[1]" at main.v(185)
Info (10041): Inferred latch for "HEX5[2]" at main.v(185)
Info (10041): Inferred latch for "HEX5[3]" at main.v(185)
Info (10041): Inferred latch for "HEX5[4]" at main.v(185)
Info (10041): Inferred latch for "HEX5[5]" at main.v(185)
Info (10041): Inferred latch for "HEX5[6]" at main.v(185)
Info (10041): Inferred latch for "HEX4[0]" at main.v(185)
Info (10041): Inferred latch for "HEX4[1]" at main.v(185)
Info (10041): Inferred latch for "HEX4[2]" at main.v(185)
Info (10041): Inferred latch for "HEX4[3]" at main.v(185)
Info (10041): Inferred latch for "HEX4[4]" at main.v(185)
Info (10041): Inferred latch for "HEX4[5]" at main.v(185)
Info (10041): Inferred latch for "HEX4[6]" at main.v(185)
Info (10041): Inferred latch for "HEX3[0]" at main.v(185)
Info (10041): Inferred latch for "HEX3[1]" at main.v(185)
Info (10041): Inferred latch for "HEX3[2]" at main.v(185)
Info (10041): Inferred latch for "HEX3[3]" at main.v(185)
Info (10041): Inferred latch for "HEX3[4]" at main.v(185)
Info (10041): Inferred latch for "HEX3[5]" at main.v(185)
Info (10041): Inferred latch for "HEX3[6]" at main.v(185)
Info (10041): Inferred latch for "HEX2[0]" at main.v(185)
Info (10041): Inferred latch for "HEX2[1]" at main.v(185)
Info (10041): Inferred latch for "HEX2[2]" at main.v(185)
Info (10041): Inferred latch for "HEX2[3]" at main.v(185)
Info (10041): Inferred latch for "HEX2[4]" at main.v(185)
Info (10041): Inferred latch for "HEX2[5]" at main.v(185)
Info (10041): Inferred latch for "HEX2[6]" at main.v(185)
Info (10041): Inferred latch for "HEX1[0]" at main.v(185)
Info (10041): Inferred latch for "HEX1[1]" at main.v(185)
Info (10041): Inferred latch for "HEX1[2]" at main.v(185)
Info (10041): Inferred latch for "HEX1[3]" at main.v(185)
Info (10041): Inferred latch for "HEX1[4]" at main.v(185)
Info (10041): Inferred latch for "HEX1[5]" at main.v(185)
Info (10041): Inferred latch for "HEX1[6]" at main.v(185)
Info (10041): Inferred latch for "HEX0[0]" at main.v(185)
Info (10041): Inferred latch for "HEX0[1]" at main.v(185)
Info (10041): Inferred latch for "HEX0[2]" at main.v(185)
Info (10041): Inferred latch for "HEX0[3]" at main.v(185)
Info (10041): Inferred latch for "HEX0[4]" at main.v(185)
Info (10041): Inferred latch for "HEX0[5]" at main.v(185)
Info (10041): Inferred latch for "HEX0[6]" at main.v(185)
Info (10041): Inferred latch for "Sadd[0]" at main.v(78)
Info (10041): Inferred latch for "Sadd[1]" at main.v(78)
Info (10041): Inferred latch for "Sadd[2]" at main.v(78)
Info (10041): Inferred latch for "Sadd[3]" at main.v(78)
Info (10041): Inferred latch for "Sadd[4]" at main.v(78)
Info (10041): Inferred latch for "Sadd[5]" at main.v(78)
Info (10041): Inferred latch for "Sadd[6]" at main.v(78)
Info (10041): Inferred latch for "Sadd[7]" at main.v(78)
Info (10041): Inferred latch for "Sadd[8]" at main.v(78)
Info (10041): Inferred latch for "Sadd[9]" at main.v(78)
Info (10041): Inferred latch for "Sadd[10]" at main.v(78)
Info (10041): Inferred latch for "Sadd[11]" at main.v(78)
Info (10041): Inferred latch for "Sadd[12]" at main.v(78)
Info (10041): Inferred latch for "Sadd[13]" at main.v(78)
Info (10041): Inferred latch for "Sadd[14]" at main.v(78)
Info (10041): Inferred latch for "Sadd[15]" at main.v(78)
Info (10041): Inferred latch for "D[0]" at main.v(78)
Info (10041): Inferred latch for "D[1]" at main.v(78)
Info (10041): Inferred latch for "D[2]" at main.v(78)
Info (10041): Inferred latch for "D[3]" at main.v(78)
Info (10041): Inferred latch for "D[4]" at main.v(78)
Info (10041): Inferred latch for "D[5]" at main.v(78)
Info (10041): Inferred latch for "D[6]" at main.v(78)
Info (10041): Inferred latch for "D[7]" at main.v(78)
Info (10041): Inferred latch for "D[8]" at main.v(78)
Info (10041): Inferred latch for "D[9]" at main.v(78)
Info (10041): Inferred latch for "D[10]" at main.v(78)
Info (10041): Inferred latch for "D[11]" at main.v(78)
Info (10041): Inferred latch for "D[12]" at main.v(78)
Info (10041): Inferred latch for "D[13]" at main.v(78)
Info (10041): Inferred latch for "D[14]" at main.v(78)
Info (10041): Inferred latch for "D[15]" at main.v(78)
Info (12128): Elaborating entity "fdiv" for hierarchy "fdiv:U0"
Info (12128): Elaborating entity "pc" for hierarchy "pc:U1"
Info (12128): Elaborating entity "rom" for hierarchy "rom:U2"
Warning (10034): Output port "Inst" at rom.v(4) has no driver
Info (12128): Elaborating entity "controle" for hierarchy "controle:U3"
Warning (10230): Verilog HDL assignment warning at controle.v(18): truncated value with size 32 to match size of target (1)
Warning (10230): Verilog HDL assignment warning at controle.v(19): truncated value with size 32 to match size of target (1)
Warning (10230): Verilog HDL assignment warning at controle.v(20): truncated value with size 32 to match size of target (1)
Warning (10230): Verilog HDL assignment warning at controle.v(24): truncated value with size 32 to match size of target (1)
Warning (10230): Verilog HDL assignment warning at controle.v(25): truncated value with size 32 to match size of target (1)
Warning (10230): Verilog HDL assignment warning at controle.v(26): truncated value with size 32 to match size of target (1)
Warning (10230): Verilog HDL assignment warning at controle.v(27): truncated value with size 32 to match size of target (1)
Warning (10230): Verilog HDL assignment warning at controle.v(28): truncated value with size 32 to match size of target (1)
Warning (10230): Verilog HDL assignment warning at controle.v(29): truncated value with size 32 to match size of target (1)
Warning (10230): Verilog HDL assignment warning at controle.v(30): truncated value with size 32 to match size of target (1)
Warning (10230): Verilog HDL assignment warning at controle.v(31): truncated value with size 32 to match size of target (1)
Warning (10230): Verilog HDL assignment warning at controle.v(32): truncated value with size 32 to match size of target (1)
Warning (10230): Verilog HDL assignment warning at controle.v(33): truncated value with size 32 to match size of target (1)
Warning (10230): Verilog HDL assignment warning at controle.v(34): truncated value with size 32 to match size of target (1)
Warning (10230): Verilog HDL assignment warning at controle.v(35): truncated value with size 32 to match size of target (1)
Warning (10230): Verilog HDL assignment warning at controle.v(36): truncated value with size 32 to match size of target (1)
Warning (10230): Verilog HDL assignment warning at controle.v(37): truncated value with size 32 to match size of target (1)
Warning (10230): Verilog HDL assignment warning at controle.v(38): truncated value with size 32 to match size of target (1)
Warning (10230): Verilog HDL assignment warning at controle.v(39): truncated value with size 32 to match size of target (1)
Warning (10230): Verilog HDL assignment warning at controle.v(40): truncated value with size 32 to match size of target (1)
Warning (10230): Verilog HDL assignment warning at controle.v(41): truncated value with size 32 to match size of target (1)
Warning (10230): Verilog HDL assignment warning at controle.v(42): truncated value with size 32 to match size of target (1)
Warning (10230): Verilog HDL assignment warning at controle.v(43): truncated value with size 32 to match size of target (1)
Warning (10230): Verilog HDL assignment warning at controle.v(44): truncated value with size 32 to match size of target (1)
Warning (10230): Verilog HDL assignment warning at controle.v(45): truncated value with size 32 to match size of target (1)
Warning (10230): Verilog HDL assignment warning at controle.v(46): truncated value with size 32 to match size of target (1)
Warning (10230): Verilog HDL assignment warning at controle.v(47): truncated value with size 32 to match size of target (1)
Warning (10230): Verilog HDL assignment warning at controle.v(48): truncated value with size 32 to match size of target (1)
Warning (10230): Verilog HDL assignment warning at controle.v(49): truncated value with size 32 to match size of target (1)
Warning (10230): Verilog HDL assignment warning at controle.v(50): truncated value with size 32 to match size of target (1)
Warning (10230): Verilog HDL assignment warning at controle.v(51): truncated value with size 32 to match size of target (1)
Warning (10230): Verilog HDL assignment warning at controle.v(52): truncated value with size 33 to match size of target (1)
Info (12128): Elaborating entity "registrador" for hierarchy "registrador:U4"
Info (12128): Elaborating entity "comparador" for hierarchy "comparador:U5"
Info (12128): Elaborating entity "ula" for hierarchy "ula:U6"
Warning (10240): Verilog HDL Always Construct warning at ula.v(27): inferring latch(es) for variable "S", which holds its previous value in one or more paths through the always construct
Info (10041): Inferred latch for "S[0]" at ula.v(69)
Info (10041): Inferred latch for "S[1]" at ula.v(69)
Info (10041): Inferred latch for "S[2]" at ula.v(69)
Info (10041): Inferred latch for "S[3]" at ula.v(69)
Info (10041): Inferred latch for "S[4]" at ula.v(69)
Info (10041): Inferred latch for "S[5]" at ula.v(69)
Info (10041): Inferred latch for "S[6]" at ula.v(69)
Info (10041): Inferred latch for "S[7]" at ula.v(69)
Info (10041): Inferred latch for "S[8]" at ula.v(69)
Info (10041): Inferred latch for "S[9]" at ula.v(69)
Info (10041): Inferred latch for "S[10]" at ula.v(69)
Info (10041): Inferred latch for "S[11]" at ula.v(69)
Info (10041): Inferred latch for "S[12]" at ula.v(69)
Info (10041): Inferred latch for "S[13]" at ula.v(69)
Info (10041): Inferred latch for "S[14]" at ula.v(69)
Info (10041): Inferred latch for "S[15]" at ula.v(69)
Info (12128): Elaborating entity "decoder7" for hierarchy "decoder7:D0"
Warning (14026): LATCH primitive "ula:U8|S[13]" is permanently enabled
Warning (14026): LATCH primitive "ula:U8|S[12]" is permanently enabled
Warning (14026): LATCH primitive "ula:U8|S[11]" is permanently enabled
Warning (14026): LATCH primitive "ula:U8|S[10]" is permanently enabled
Warning (14026): LATCH primitive "ula:U8|S[9]" is permanently enabled
Warning (14026): LATCH primitive "ula:U8|S[8]" is permanently enabled
Warning (14026): LATCH primitive "ula:U8|S[7]" is permanently enabled
Warning (14026): LATCH primitive "ula:U8|S[6]" is permanently enabled
Warning (14026): LATCH primitive "ula:U8|S[5]" is permanently enabled
Warning (14026): LATCH primitive "ula:U8|S[4]" is permanently enabled
Warning (14026): LATCH primitive "ula:U8|S[3]" is permanently enabled
Warning (14026): LATCH primitive "ula:U8|S[2]" is permanently enabled
Warning (14026): LATCH primitive "ula:U8|S[1]" is permanently enabled
Warning (14026): LATCH primitive "ula:U8|S[0]" is permanently enabled
Warning (14026): LATCH primitive "ula:U8|S[15]" is permanently enabled
Warning (14026): LATCH primitive "ula:U8|S[14]" is permanently enabled
Warning (14026): LATCH primitive "ula:U8|S[13]" is permanently enabled
Warning (14026): LATCH primitive "ula:U8|S[12]" is permanently enabled
Warning (14026): LATCH primitive "ula:U8|S[11]" is permanently enabled
Warning (14026): LATCH primitive "ula:U8|S[10]" is permanently enabled
Warning (14026): LATCH primitive "ula:U8|S[9]" is permanently enabled
Warning (14026): LATCH primitive "ula:U8|S[8]" is permanently enabled
Warning (14026): LATCH primitive "ula:U8|S[7]" is permanently enabled
Warning (14026): LATCH primitive "ula:U8|S[6]" is permanently enabled
Warning (14026): LATCH primitive "ula:U8|S[5]" is permanently enabled
Warning (14026): LATCH primitive "ula:U8|S[4]" is permanently enabled
Warning (14026): LATCH primitive "ula:U8|S[3]" is permanently enabled
Warning (14026): LATCH primitive "ula:U8|S[2]" is permanently enabled
Warning (14026): LATCH primitive "ula:U8|S[1]" is permanently enabled
Warning (14026): LATCH primitive "ula:U8|S[0]" is permanently enabled
Warning (14026): LATCH primitive "ula:U8|S[15]" is permanently enabled
Warning (14026): LATCH primitive "ula:U8|S[14]" is permanently enabled
Warning (12241): 1 hierarchies have connectivity warnings - see the Connectivity Checks report folder
Warning (13012): Latch HEX0[0]$latch has unsafe behavior
    Warning (13013): Ports D and ENA on the latch are fed by the same signal KEY[1]
Warning (13012): Latch HEX0[1]$latch has unsafe behavior
    Warning (13013): Ports D and ENA on the latch are fed by the same signal KEY[1]
Warning (13012): Latch HEX0[2]$latch has unsafe behavior
    Warning (13013): Ports D and ENA on the latch are fed by the same signal KEY[1]
Warning (13012): Latch HEX0[3]$latch has unsafe behavior
    Warning (13013): Ports D and ENA on the latch are fed by the same signal KEY[1]
Warning (13012): Latch HEX0[4]$latch has unsafe behavior
    Warning (13013): Ports D and ENA on the latch are fed by the same signal KEY[1]
Warning (13012): Latch HEX0[5]$latch has unsafe behavior
    Warning (13013): Ports D and ENA on the latch are fed by the same signal KEY[1]
Warning (13012): Latch HEX0[6]$latch has unsafe behavior
    Warning (13013): Ports D and ENA on the latch are fed by the same signal KEY[1]
Warning (13012): Latch HEX1[0]$latch has unsafe behavior
    Warning (13013): Ports D and ENA on the latch are fed by the same signal KEY[1]
Warning (13012): Latch HEX1[1]$latch has unsafe behavior
    Warning (13013): Ports D and ENA on the latch are fed by the same signal KEY[1]
Warning (13012): Latch HEX1[2]$latch has unsafe behavior
    Warning (13013): Ports D and ENA on the latch are fed by the same signal KEY[1]
Warning (13012): Latch HEX1[3]$latch has unsafe behavior
    Warning (13013): Ports D and ENA on the latch are fed by the same signal KEY[1]
Warning (13012): Latch HEX1[4]$latch has unsafe behavior
    Warning (13013): Ports D and ENA on the latch are fed by the same signal KEY[1]
Warning (13012): Latch HEX1[5]$latch has unsafe behavior
    Warning (13013): Ports D and ENA on the latch are fed by the same signal KEY[1]
Warning (13012): Latch HEX1[6]$latch has unsafe behavior
    Warning (13013): Ports D and ENA on the latch are fed by the same signal KEY[1]
Warning (13012): Latch HEX2[0]$latch has unsafe behavior
    Warning (13013): Ports D and ENA on the latch are fed by the same signal KEY[1]
Warning (13012): Latch HEX2[1]$latch has unsafe behavior
    Warning (13013): Ports D and ENA on the latch are fed by the same signal KEY[1]
Warning (13012): Latch HEX2[2]$latch has unsafe behavior
    Warning (13013): Ports D and ENA on the latch are fed by the same signal KEY[1]
Warning (13012): Latch HEX2[3]$latch has unsafe behavior
    Warning (13013): Ports D and ENA on the latch are fed by the same signal KEY[1]
Warning (13012): Latch HEX2[4]$latch has unsafe behavior
    Warning (13013): Ports D and ENA on the latch are fed by the same signal KEY[1]
Warning (13012): Latch HEX2[5]$latch has unsafe behavior
    Warning (13013): Ports D and ENA on the latch are fed by the same signal KEY[1]
Warning (13012): Latch HEX2[6]$latch has unsafe behavior
    Warning (13013): Ports D and ENA on the latch are fed by the same signal KEY[1]
Warning (13012): Latch HEX3[0]$latch has unsafe behavior
    Warning (13013): Ports D and ENA on the latch are fed by the same signal KEY[1]
Warning (13012): Latch HEX3[1]$latch has unsafe behavior
    Warning (13013): Ports D and ENA on the latch are fed by the same signal KEY[1]
Warning (13012): Latch HEX3[2]$latch has unsafe behavior
    Warning (13013): Ports D and ENA on the latch are fed by the same signal KEY[1]
Warning (13012): Latch HEX3[3]$latch has unsafe behavior
    Warning (13013): Ports D and ENA on the latch are fed by the same signal KEY[1]
Warning (13012): Latch HEX3[4]$latch has unsafe behavior
    Warning (13013): Ports D and ENA on the latch are fed by the same signal KEY[1]
Warning (13012): Latch HEX3[5]$latch has unsafe behavior
    Warning (13013): Ports D and ENA on the latch are fed by the same signal KEY[1]
Warning (13012): Latch HEX3[6]$latch has unsafe behavior
    Warning (13013): Ports D and ENA on the latch are fed by the same signal KEY[1]
Warning (13024): Output pins are stuck at VCC or GND
    Warning (13410): Pin "HEX4[0]" is stuck at GND
    Warning (13410): Pin "HEX4[1]" is stuck at GND
    Warning (13410): Pin "HEX4[2]" is stuck at GND
    Warning (13410): Pin "HEX4[3]" is stuck at GND
    Warning (13410): Pin "HEX4[4]" is stuck at GND
    Warning (13410): Pin "HEX4[5]" is stuck at GND
    Warning (13410): Pin "HEX4[6]" is stuck at GND
    Warning (13410): Pin "HEX5[0]" is stuck at GND
    Warning (13410): Pin "HEX5[1]" is stuck at GND
    Warning (13410): Pin "HEX5[2]" is stuck at GND
    Warning (13410): Pin "HEX5[3]" is stuck at GND
    Warning (13410): Pin "HEX5[4]" is stuck at GND
    Warning (13410): Pin "HEX5[5]" is stuck at GND
    Warning (13410): Pin "HEX5[6]" is stuck at GND
    Warning (13410): Pin "HEX6[0]" is stuck at GND
    Warning (13410): Pin "HEX6[1]" is stuck at GND
    Warning (13410): Pin "HEX6[2]" is stuck at GND
    Warning (13410): Pin "HEX6[3]" is stuck at GND
    Warning (13410): Pin "HEX6[4]" is stuck at GND
    Warning (13410): Pin "HEX6[5]" is stuck at GND
    Warning (13410): Pin "HEX6[6]" is stuck at GND
    Warning (13410): Pin "HEX7[0]" is stuck at GND
    Warning (13410): Pin "HEX7[1]" is stuck at GND
    Warning (13410): Pin "HEX7[2]" is stuck at GND
    Warning (13410): Pin "HEX7[3]" is stuck at GND
    Warning (13410): Pin "HEX7[4]" is stuck at GND
    Warning (13410): Pin "HEX7[5]" is stuck at GND
    Warning (13410): Pin "HEX7[6]" is stuck at GND
Info (17049): 240 registers lost all their fanouts during netlist optimizations.
Info (16010): Generating hard_block partition "hard_block:auto_generated_inst"
    Info (16011): Adding 0 node(s), including 0 DDIO, 0 PLL, 0 transceiver and 0 LCELL
Warning (21074): Design contains 1 input pin(s) that do not drive logic
    Warning (15610): No output dependent on input pin "SW[1]"
Info (21057): Implemented 169 device resources after synthesis - the final resource count might be different
    Info (21058): Implemented 6 input pins
    Info (21059): Implemented 56 output pins
    Info (21061): Implemented 107 logic cells
Info: Quartus II 64-Bit Analysis & Synthesis was successful. 0 errors, 166 warnings
    Info: Peak virtual memory: 4593 megabytes
    Info: Processing ended: Thu Sep 01 18:45:33 2022
    Info: Elapsed time: 00:00:02
    Info: Total CPU time (on all processors): 00:00:02


